"../../../../../../Users/CHRIS/Documents/GitHub/osiris-game/Content/FirstPerson/Audio/howitzer-artillery-gun-fire-non-copyrighted-sound-effects-youtubemp3free_org.uasset" 0
"../../../../../../Users/CHRIS/Documents/GitHub/osiris-game/Content/FirstPerson/Audio/FirstPersonTemplateWeaponFire02.uasset" 1
"../../../../../../Users/CHRIS/Documents/GitHub/osiris-game/Content/FirstPerson/Character/Mesh/SK_Mannequin_Arms_Skeleton.uasset" 2
"../../../../../../Users/CHRIS/Documents/GitHub/osiris-game/Content/FirstPerson/Animations/FirstPerson_Idle.uasset" 3
"../../../../../../Users/CHRIS/Documents/GitHub/osiris-game/Content/FirstPerson/Animations/FirstPerson_JumpEnd.uasset" 4
"../../../../../../Users/CHRIS/Documents/GitHub/osiris-game/Content/FirstPerson/Animations/FirstPerson_JumpLoop.uasset" 5
"../../../../../../Users/CHRIS/Documents/GitHub/osiris-game/Content/FirstPerson/Animations/FirstPerson_JumpStart.uasset" 6
"../../../../../../Users/CHRIS/Documents/GitHub/osiris-game/Content/FirstPerson/Animations/FirstPerson_Run.uasset" 7
"../../../Engine/Content/EditorBlueprintResources/StandardMacros.uasset" 8
"../../../../../../Users/CHRIS/Documents/GitHub/osiris-game/Content/FirstPerson/Animations/FirstPerson_AnimBP.uasset" 9
"../../../../../../Users/CHRIS/Documents/GitHub/osiris-game/Content/FirstPerson/Character/Mesh/FirstPersonAnimBlueprint_Copy.uasset" 10
"../../../../../../Users/CHRIS/Documents/GitHub/osiris-game/Content/FirstPerson/ProjectileMeshes/BaseMaterial.uasset" 11
"../../../../../../Users/CHRIS/Documents/GitHub/osiris-game/Content/FirstPerson/ProjectileMeshes/AutoHitMaterial.uasset" 12
"../../../../../../Users/CHRIS/Documents/GitHub/osiris-game/Content/FirstPerson/Meshes/AutoHitMaterial.uasset" 13
"../../../../../../Users/CHRIS/Documents/GitHub/osiris-game/Content/FirstPerson/Meshes/BaseMaterial.uasset" 14
"../../../../../../Users/CHRIS/Documents/GitHub/osiris-game/Content/FirstPerson/ProjectileMeshes/FastHitMaterial.uasset" 15
"../../../../../../Users/CHRIS/Documents/GitHub/osiris-game/Content/FirstPerson/Meshes/FastHitMaterial.uasset" 16
"../../../../../../Users/CHRIS/Documents/GitHub/osiris-game/Content/FirstPerson/ProjectileMeshes/FirstPersonProjectileMesh.uasset" 17
"../../../../../../Users/CHRIS/Documents/GitHub/osiris-game/Content/FirstPerson/Meshes/FirstPersonProjectileMesh.uasset" 18
"../../../../../../Users/CHRIS/Documents/GitHub/osiris-game/Content/FirstPerson/ProjectileMeshes/SlowHitMaterial.uasset" 19
"../../../../../../Users/CHRIS/Documents/GitHub/osiris-game/Content/FirstPerson/Meshes/SlowHitMaterial.uasset" 20
"../../../../../../Users/CHRIS/Documents/GitHub/osiris-game/Content/FirstPerson/Weapon/Mesh/SK_FPGun_PhysicsAsset.uasset" 21
"../../../../../../Users/CHRIS/Documents/GitHub/osiris-game/Content/Enemy/Materials/Textures/Untitled-1_0000_UV.uasset" 22
"../../../../../../Users/CHRIS/Documents/GitHub/osiris-game/Content/Enemy/Materials/Textures/Untitled-1_0002_Normal.uasset" 23
"../../../../../../Users/CHRIS/Documents/GitHub/osiris-game/Content/Enemy/Materials/Textures/Untitled-1_0003_Texture.uasset" 24
"../../../../../../Users/CHRIS/Documents/GitHub/osiris-game/Content/Enemy/Materials/Flesh_2.uasset" 25
"../../../../../../Users/CHRIS/Documents/GitHub/osiris-game/Content/Geometry/Decorations/Decore1.uasset" 26
"../../../../../../Users/CHRIS/Documents/GitHub/osiris-game/Content/Geometry/Decorations/DragonJawPortal_Portal.uasset" 27
"../../../../../../Users/CHRIS/Documents/GitHub/osiris-game/Content/Geometry/Decorations/Decore2.uasset" 28
"../../../../../../Users/CHRIS/Documents/GitHub/osiris-game/Content/Geometry/Decorations/DragonJawPortal_Structure_1.uasset" 29
"../../../../../../Users/CHRIS/Documents/GitHub/osiris-game/Content/Geometry/Decorations/Decore3.uasset" 30
"../../../../../../Users/CHRIS/Documents/GitHub/osiris-game/Content/Geometry/Decorations/DragonJawPortal_Structure_2.uasset" 31
"../../../../../../Users/CHRIS/Documents/GitHub/osiris-game/Content/Geometry/Decorations/Decore4.uasset" 32
"../../../../../../Users/CHRIS/Documents/GitHub/osiris-game/Content/Geometry/Decorations/DragonJawPortal_Structure_3.uasset" 33
"../../../../../../Users/CHRIS/Documents/GitHub/osiris-game/Content/Geometry/Materials/Textures/T_Perlin_Noise_M.uasset" 34
"../../../../../../Users/CHRIS/Documents/GitHub/osiris-game/Content/Geometry/Materials/M_BlackBody_Dynamic_Pulsing.uasset" 35
"../../../Engine/Content/Animation/DefaultAnimCurveCompressionSettings.uasset" 36
"../../../Engine/Content/Functions/Engine_MaterialFunctions01/Opacity/CameraDepthFade.uasset" 37
"../../../Engine/Content/EngineMaterials/T_Default_Material_Grid_M.uasset" 38
"../../../Engine/Content/EngineMaterials/T_Default_Material_Grid_N.uasset" 39
"../../../Engine/Content/EngineMaterials/WorldGridMaterial.uasset" 40
"../../../Engine/Content/ArtTools/RenderToTexture/Meshes/S_1_Unit_Plane.uasset" 41
"../../../Engine/Content/EngineMaterials/DefaultMaterial.uasset" 42
"../../../Engine/Content/BasicShapes/Cone.uasset" 43
"../../../Engine/Content/BasicShapes/Cube.uasset" 44
"../../../Engine/Content/BasicShapes/Cylinder.uasset" 45
"../../../Engine/Content/BasicShapes/Plane.uasset" 46
"../../../Engine/Content/BasicShapes/Sphere.uasset" 47
"../../../Engine/Content/EditorLandscapeResources/DataLayer.uasset" 48
"../../../Engine/Content/EditorMaterials/GizmoMaterial.uasset" 49
"../../../Engine/Content/EditorMaterials/MAT_Groups_Toggle.uasset" 50
"../../../Engine/Content/EditorMaterials/MAT_Groups_Visibility.uasset" 51
"../../../Engine/Content/EditorMaterials/PreviewShadowIndicator.uasset" 52
"../../../Engine/Content/EditorMaterials/PreviewShadowIndicatorMaterial.uasset" 53
"../../../Engine/Content/EditorMaterials/MatineeGroups/MAT_ColorTrack.uasset" 54
"../../../Engine/Content/EditorMaterials/MatineeGroups/MAT_Groups_Anim.uasset" 55
"../../../Engine/Content/EditorMaterials/MatineeGroups/MAT_Groups_AudioMaster.uasset" 56
"../../../Engine/Content/EditorMaterials/MatineeGroups/MAT_Groups_Director.uasset" 57
"../../../Engine/Content/EditorMaterials/MatineeGroups/MAT_Groups_Event.uasset" 58
"../../../Engine/Content/EditorMaterials/MatineeGroups/MAT_Groups_Fade.uasset" 59
"../../../Engine/Content/EditorMaterials/MatineeGroups/MAT_Groups_Float.uasset" 60
"../../../Engine/Content/EditorMaterials/MatineeGroups/MAT_Groups_Move.uasset" 61
"../../../Engine/Content/EditorMaterials/MatineeGroups/MAT_Groups_Slomo.uasset" 62
"../../../Engine/Content/EditorMaterials/MatineeGroups/MAT_Groups_Sound.uasset" 63
"../../../Engine/Content/EditorMaterials/MatineeGroups/MAT_Groups_Vector.uasset" 64
"../../../Engine/Content/EditorMaterials/ParticleSystems/PSysThumbnail_NoImage.uasset" 65
"../../../Engine/Content/EditorMaterials/ParticleSystems/PSysThumbnail_OOD.uasset" 66
"../../../Engine/Content/EditorMaterials/Camera/CineMat.uasset" 67
"../../../Engine/Content/EditorMaterials/Camera/MI_CineMat_Rig.uasset" 68
"../../../Engine/Content/EditorMeshes/Camera/SM_CraneRig_Arm.uasset" 69
"../../../Engine/Content/EditorMeshes/Camera/SM_CraneRig_Base.uasset" 70
"../../../Engine/Content/EditorMeshes/Camera/SM_CraneRig_Body.uasset" 71
"../../../Engine/Content/EditorMeshes/Camera/SM_CraneRig_Mount.uasset" 72
"../../../Engine/Content/EditorMeshes/Camera/SM_RailRig_Mount.uasset" 73
"../../../Engine/Content/EditorMeshes/Camera/SM_RailRig_Track.uasset" 74
"../../../Engine/Content/EditorResources/BSPVertex.uasset" 75
"../../../Engine/Content/EditorResources/EmptyActor.uasset" 76
"../../../Engine/Content/EditorResources/S_Actor.uasset" 77
"../../../Engine/Content/EditorResources/S_Note.uasset" 78
"../../../Engine/Content/EditorResources/S_Trigger.uasset" 79
"../../../Engine/Content/EditorResources/AudioIcons/S_AudioComponent_AutoActivate.uasset" 80
"../../../Engine/Content/EditorResources/LightIcons/S_LightError.uasset" 81
"../../../Engine/Content/EditorResources/SequenceRecorder/Countdown.uasset" 82
"../../../Engine/Content/EditorResources/SequenceRecorder/RecordingIndicator.uasset" 83
"../../../Engine/Content/EditorSounds/Notifications/CompileFailed.uasset" 84
"../../../Engine/Content/EditorSounds/Notifications/CompileFailed_Cue.uasset" 85
"../../../Engine/Content/EditorSounds/Notifications/CompileSuccess.uasset" 86
"../../../Engine/Content/EditorSounds/Notifications/CompileStart_Cue.uasset" 87
"../../../Engine/Content/EditorSounds/Notifications/CompileSuccess_Cue.uasset" 88
"../../../Engine/Content/EngineDamageTypes/DmgTypeBP_Environmental.uasset" 89
"../../../Engine/Content/EngineDebugMaterials/HeatmapGradient.uasset" 90
"../../../Engine/Content/EngineDebugMaterials/BoneWeightMaterial.uasset" 91
"../../../Engine/Content/EngineDebugMaterials/ClothMaterial.uasset" 92
"../../../Engine/Content/EngineDebugMaterials/ClothMaterial_WF.uasset" 93
"../../../Engine/Content/EngineDebugMaterials/DebugEditorMaterial.uasset" 94
"../../../Engine/Content/EngineDebugMaterials/DebugMeshMaterial.uasset" 95
"../../../Engine/Content/EngineDebugMaterials/GeomMaterial.uasset" 96
"../../../Engine/Content/EngineDebugMaterials/M_SimpleTranslucent.uasset" 97
"../../../Engine/Content/EngineFonts/Faces/RobotoBold.uasset" 98
"../../../Engine/Content/EngineFonts/Faces/RobotoBoldItalic.uasset" 99
"../../../Engine/Content/EngineFonts/Faces/RobotoItalic.uasset" 100
"../../../Engine/Content/EngineFonts/Faces/RobotoLight.uasset" 101
"../../../Engine/Content/EngineFonts/Faces/RobotoRegular.uasset" 102
"../../../Engine/Content/EngineFonts/Roboto.uasset" 103
"../../../Engine/Content/EngineFonts/Faces/RobotoTiny.uasset" 104
"../../../Engine/Content/EngineFonts/RobotoTiny.uasset" 105
"../../../Engine/Content/EngineMaterials/BaseFlattenDiffuseMap.uasset" 106
"../../../Engine/Content/EngineMaterials/BaseFlattenEmissiveMap.uasset" 107
"../../../Engine/Content/EngineMaterials/BaseFlattenGrayscaleMap.uasset" 108
"../../../Engine/Content/EngineMaterials/BaseFlattenNormalMap.uasset" 109
"../../../Engine/Content/EngineMaterials/BaseFlattenMaterial.uasset" 110
"../../../Engine/Content/EngineMaterials/DefaultBloomKernel.uasset" 111
"../../../Engine/Content/EngineMaterials/DefaultBokeh.uasset" 112
"../../../Engine/Content/EngineMaterials/DefaultDiffuse.uasset" 113
"../../../Engine/Content/EngineMaterials/DefaultDeferredDecalMaterial.uasset" 114
"../../../Engine/Content/EngineMaterials/DefaultLightFunctionMaterial.uasset" 115
"../../../Engine/Content/EngineMaterials/DefaultPhysicalMaterial.uasset" 116
"../../../Engine/Content/Functions/Engine_MaterialFunctions02/Utility/BreakOutFloat2Components.uasset" 117
"../../../Engine/Content/EngineMaterials/DefaultPostProcessMaterial.uasset" 118
"../../../Engine/Content/EngineFonts/RobotoDistanceField.uasset" 119
"../../../Engine/Content/EngineMaterials/DefaultTextMaterialOpaque.uasset" 120
"../../../Engine/Content/EngineMaterials/DefaultWhiteGrid.uasset" 121
"../../../Engine/Content/EngineMaterials/EditorBrushMaterial.uasset" 122
"../../../Engine/Content/EngineMaterials/Good64x64TilingNoiseHighFreq.uasset" 123
"../../../Engine/Content/EngineMaterials/MiniFont.uasset" 124
"../../../Engine/Content/EngineMaterials/InvalidLightmapSettings.uasset" 125
"../../../Engine/Content/EngineMaterials/M_InvalidLightmapSettings.uasset" 126
"../../../Engine/Content/Functions/Engine_MaterialFunctions02/WorldPositionOffset/CameraOffset.uasset" 127
"../../../Engine/Content/EngineMaterials/PhAT_JointLimitMaterial.uasset" 128
"../../../Engine/Content/EngineMaterials/PreintegratedSkinBRDF.uasset" 129
"../../../Engine/Content/EngineMaterials/RemoveSurfaceMaterial.uasset" 130
"../../../Engine/Content/EngineMaterials/WeightMapPlaceholderTexture.uasset" 131
"../../../Engine/Content/EngineResources/WhiteSquareTexture.uasset" 132
"../../../Engine/Content/EngineMaterials/Widget3DPassThrough.uasset" 133
"../../../Engine/Content/EngineMaterials/Widget3DPassThrough_Masked.uasset" 134
"../../../Engine/Content/EngineMaterials/Widget3DPassThrough_Opaque.uasset" 135
"../../../Engine/Content/EngineMaterials/Widget3DPassThrough_Masked_OneSided.uasset" 136
"../../../Engine/Content/EngineMaterials/Widget3DPassThrough_Opaque_OneSided.uasset" 137
"../../../Engine/Content/EngineMaterials/Widget3DPassThrough_Translucent.uasset" 138
"../../../Engine/Content/EngineMaterials/Widget3DPassThrough_Translucent_OneSided.uasset" 139
"../../../Engine/Content/EngineMeshes/Cylinder.uasset" 140
"../../../Engine/Content/EngineMeshes/Sphere.uasset" 141
"../../../Engine/Content/EngineResources/Black.uasset" 142
"../../../Engine/Content/EngineResources/DefaultTexture.uasset" 143
"../../../Engine/Content/EngineResources/DefaultTextureCube.uasset" 144
"../../../Engine/Content/EngineResources/DefaultVolumeTexture2D.uasset" 145
"../../../Engine/Content/EngineResources/DefaultVolumeTexture.uasset" 146
"../../../Engine/Content/EngineResources/GradientTexture0.uasset" 147
"../../../Engine/Content/EngineSounds/Master.uasset" 148
"../../../Engine/Content/Functions/Engine_MaterialFunctions01/Shading/ConvertFromDiffSpec.uasset" 149
"../../../Engine/Content/Functions/Engine_MaterialFunctions01/Shading/PowerToRoughness.uasset" 150
"../../../Engine/Content/Maps/Templates/Thumbnails/Default.uasset" 151
"../../../Engine/Content/Maps/Templates/Thumbnails/VR-Basic.uasset" 152
"../../../Engine/Content/MobileResources/T_MobileControls_texture.uasset" 153
"../../../Engine/Content/MobileResources/T_MobileMenu2.uasset" 154
"../../../Engine/Content/MobileResources/HUD/AnalogHat.uasset" 155
"../../../Engine/Content/MobileResources/HUD/VirtualJoystick_Background.uasset" 156
"../../../Engine/Content/MobileResources/HUD/VirtualJoystick_Thumb.uasset" 157
"../../../Engine/Content/MobileResources/HUD/DefaultVirtualJoysticks.uasset" 158
"../../../Engine/Content/MobileResources/HUD/LeftVirtualJoystickOnly.uasset" 159
"../../../Engine/Content/MobileResources/HUD/MobileHUDButton1_off.uasset" 160
"../../../Engine/Content/MobileResources/HUD/MobileHUDButton1_on.uasset" 161
"../../../Engine/Content/MobileResources/HUD/MobileHUDButton2_off.uasset" 162
"../../../Engine/Content/MobileResources/HUD/MobileHUDButton2_on.uasset" 163
"../../../Engine/Content/MobileResources/HUD/MobileHUDButton3.uasset" 164
"../../../Engine/Content/MobileResources/HUD/MobileHUDButtonFire.uasset" 165
"../../../Engine/Content/MobileResources/HUD/MobileHUDDirectionPad.uasset" 166
"../../../Engine/Content/MobileResources/HUD/MobileHUDDirectionPad2.uasset" 167
"../../../Engine/Content/MobileResources/HUD/MobileHUDDirectionPad3.uasset" 168
"../../../Engine/Content/MobileResources/HUD/MobileHUDDirectionStick.uasset" 169
"../../../Engine/Content/MobileResources/HUD/T_Castle_ThumbstickInner.uasset" 170
"../../../Engine/Content/MobileResources/HUD/T_Castle_ThumbstickOutter.uasset" 171
"../../../Engine/Content/Tutorial/ContentIntroCurve.uasset" 172
"../../../Engine/Content/Tutorial/Basics/LevelEditorAttract.uasset" 173
"../../../Engine/Content/Tutorial/Installation/InstallingVisualStudioTutorial.uasset" 174
"../../../Engine/Content/VREditor/LaserPointer/VR_LaserPower_01.uasset" 175
"../../../Engine/Content/VREditor/TransformGizmo/TransformGizmoMaterial.uasset" 176
"../../../Engine/Content/VREditor/TransformGizmo/TranslucentTransformGizmoMaterial.uasset" 177
"../../../Engine/Content/VREditor/TransformGizmo/BoundingBoxCorner.uasset" 178
"../../../Engine/Content/VREditor/TransformGizmo/BoundingBoxEdge.uasset" 179
"../../../Engine/Content/VREditor/TransformGizmo/PlaneTranslationHandle.uasset" 180
"../../../Engine/Content/VREditor/TransformGizmo/Main.uasset" 181
"../../../Engine/Content/VREditor/TransformGizmo/Xray.uasset" 182
"../../../Engine/Content/VREditor/TransformGizmo/SM_Sequencer_Key.uasset" 183
"../../../Engine/Content/VREditor/TransformGizmo/SM_Sequencer_Node.uasset" 184
"../../Plugins/2D/Paper2D/Content/PlaceholderTextures/DummySpriteTexture.uasset" 185
"../../Plugins/2D/Paper2D/Content/DummySprite.uasset" 186
"../../Plugins/2D/Paper2D/Content/DefaultPaperTerrainMaterial.uasset" 187
"../../Plugins/2D/Paper2D/Content/DummySpriteTexture.uasset" 188
"../../Plugins/2D/Paper2D/Content/DefaultSpriteMaterial.uasset" 189
"../../Plugins/2D/Paper2D/Content/MaskedUnlitSpriteMaterial.uasset" 190
"../../Plugins/2D/Paper2D/Content/OpaqueUnlitSpriteMaterial.uasset" 191
"../../Plugins/Runtime/Oculus/OculusVR/Content/OculusMR_RenderTarget.uasset" 192
"../../../Engine/Content/Functions/Engine_MaterialFunctions02/Utility/BreakOutFloat4Components.uasset" 193
"../../../Engine/Content/Functions/Engine_MaterialFunctions02/Utility/MakeFloat2.uasset" 194
"../../../Engine/Content/Functions/Engine_MaterialFunctions02/Utility/MakeFloat3.uasset" 195
"../../Plugins/Runtime/Oculus/OculusVR/Content/Materials/OculusMR_ChromaKey.uasset" 196
"../../Plugins/Runtime/Oculus/OculusVR/Content/Materials/OculusMR_ChromaKey_Lit.uasset" 197
"../../Plugins/Runtime/Oculus/OculusVR/Content/Materials/OculusMR_OpaqueColoredMaterial.uasset" 198
"../../Plugins/Runtime/Oculus/OculusVR/Content/Materials/OculusMR_WhiteMaterial.uasset" 199
"../../Plugins/Runtime/Oculus/OculusVR/Content/Materials/PokeAHoleMaterial.uasset" 200
"../../Plugins/Runtime/Oculus/OculusVR/Content/Textures/GearVRController_AO.uasset" 201
"../../Plugins/Runtime/Oculus/OculusVR/Content/Textures/GearVRController_Color.uasset" 202
"../../Plugins/Runtime/Oculus/OculusVR/Content/Textures/GearVRController_Normal.uasset" 203
"../../Plugins/Runtime/Oculus/OculusVR/Content/Materials/GearVRControllerMaterial.uasset" 204
"../../Plugins/Runtime/Oculus/OculusVR/Content/Meshes/GearVrController.uasset" 205
"../../Plugins/Runtime/Oculus/OculusVR/Content/Textures/touchController_albedo.uasset" 206
"../../Plugins/Runtime/Oculus/OculusVR/Content/Textures/touchController_controlmap.uasset" 207
"../../Plugins/Runtime/Oculus/OculusVR/Content/Materials/touchController_mat.uasset" 208
"../../Plugins/Runtime/Oculus/OculusVR/Content/Meshes/LeftTouchController.uasset" 209
"../../Plugins/Runtime/Oculus/OculusVR/Content/Meshes/RiftHMD.uasset" 210
"../../Plugins/Runtime/Oculus/OculusVR/Content/Meshes/RightTouchController.uasset" 211
"../../../../../../Users/CHRIS/Documents/GitHub/osiris-game/Content/FirstPerson/Animations/FirstPerson_Fire.uasset" 212
"../../../../../../Users/CHRIS/Documents/GitHub/osiris-game/Content/FirstPerson/Animations/FirstPersonFire_Montage.uasset" 213
"../../../../../../Users/CHRIS/Documents/GitHub/osiris-game/Content/Particles/Textures/T_Spark_Core.uasset" 214
"../../../../../../Users/CHRIS/Documents/GitHub/osiris-game/Content/Particles/Materials/M_Spark.uasset" 215
"../../../../../../Users/CHRIS/Documents/GitHub/osiris-game/Content/Particles/P_Sparks_3.uasset" 216
"../../../../../../Users/CHRIS/Documents/GitHub/osiris-game/Content/Blueprints/AutoHitProjectile.uasset" 217
"../../../../../../Users/CHRIS/Documents/GitHub/osiris-game/Content/Enemy/EnemySkeleton.uasset" 218
"../../../../../../Users/CHRIS/Documents/GitHub/osiris-game/Content/Enemy/Animations/CrawlAnim.uasset" 219
"../../../../../../Users/CHRIS/Documents/GitHub/osiris-game/Content/Enemy/Animations/EnemyAnim.uasset" 220
"../../../../../../Users/CHRIS/Documents/GitHub/osiris-game/Content/Enemy/Animations/AttackAnim.uasset" 221
"../../../../../../Users/CHRIS/Documents/GitHub/osiris-game/Content/Enemy/Animations/Attack.uasset" 222
"../../../../../../Users/CHRIS/Documents/GitHub/osiris-game/Content/Blueprints/EnemySpawnControl.uasset" 223
"../../../../../../Users/CHRIS/Documents/GitHub/osiris-game/Content/Enemy/AI/EnemyBB.uasset" 224
"../../../../../../Users/CHRIS/Documents/GitHub/osiris-game/Content/Enemy/AI/ChasePlayer.uasset" 225
"../../../../../../Users/CHRIS/Documents/GitHub/osiris-game/Content/Enemy/AI/SetPlayerPosition.uasset" 226
"../../../../../../Users/CHRIS/Documents/GitHub/osiris-game/Content/Enemy/AI/EnemyBT.uasset" 227
"../../../../../../Users/CHRIS/Documents/GitHub/osiris-game/Content/Enemy/AI/EnemyController.uasset" 228
"../../../../../../Users/CHRIS/Documents/GitHub/osiris-game/Content/Enemy/Materials/Textures/Untitled-1.uasset" 229
"../../../../../../Users/CHRIS/Documents/GitHub/osiris-game/Content/Enemy/Materials/Flesh.uasset" 230
"../../../../../../Users/CHRIS/Documents/GitHub/osiris-game/Content/Enemy/EnemyMeshPhysicsAsset.uasset" 231
"../../../../../../Users/CHRIS/Documents/GitHub/osiris-game/Content/Enemy/EnemyMesh.uasset" 232
"../../../Engine/Content/Functions/Engine_MaterialFunctions01/Density/ExponentialDensity.uasset" 233
"../../../Engine/Content/Functions/Engine_MaterialFunctions01/Gradient/RadialGradientExponential.uasset" 234
"../../../../../../Users/CHRIS/Documents/GitHub/osiris-game/Content/Particles/Materials/M_Ember.uasset" 235
"../../../../../../Users/CHRIS/Documents/GitHub/osiris-game/Content/Particles/Textures/T_Fire_SubUV.uasset" 236
"../../../../../../Users/CHRIS/Documents/GitHub/osiris-game/Content/Particles/Textures/T_Fire_Tiled_D.uasset" 237
"../../../../../../Users/CHRIS/Documents/GitHub/osiris-game/Content/Particles/Materials/M_Fire.uasset" 238
"../../../../../../Users/CHRIS/Documents/GitHub/osiris-game/Content/Particles/Textures/T_Smoke_SubUV.uasset" 239
"../../../../../../Users/CHRIS/Documents/GitHub/osiris-game/Content/Particles/Textures/T_Smoke_Tiled_D.uasset" 240
"../../../../../../Users/CHRIS/Documents/GitHub/osiris-game/Content/Particles/Materials/M_Smoke.uasset" 241
"../../../../../../Users/CHRIS/Documents/GitHub/osiris-game/Content/Particles/P_Fire_Burst.uasset" 242
"../../../../../../Users/CHRIS/Documents/GitHub/osiris-game/Content/Particles/P_Fire_Continous.uasset" 243
"../../../../../../Users/CHRIS/Documents/GitHub/osiris-game/Content/Sounds/Bone_Crushing_mp3-SoundBible_com-537581287.uasset" 244
"../../../../../../Users/CHRIS/Documents/GitHub/osiris-game/Content/Sounds/Decapitation-SoundBible_com-800292304.uasset" 245
"../../../../../../Users/CHRIS/Documents/GitHub/osiris-game/Content/Sounds/Stab-SoundBible_com-766875573.uasset" 246
"../../../../../../Users/CHRIS/Documents/GitHub/osiris-game/Content/Blueprints/Enemy.uasset" 247
"../../../../../../Users/CHRIS/Documents/GitHub/osiris-game/Content/Particles/P_Sparks_2.uasset" 248
"../../../../../../Users/CHRIS/Documents/GitHub/osiris-game/Content/Blueprints/FastHitProjectile.uasset" 249
"../../../../../../Users/CHRIS/Documents/GitHub/osiris-game/Content/Particles/P_Sparks.uasset" 250
"../../../../../../Users/CHRIS/Documents/GitHub/osiris-game/Content/Blueprints/SlowHitProjectile.uasset" 251
"../../../../../../Users/CHRIS/Documents/GitHub/osiris-game/Content/Geometry/Materials/Textures/T_Wall.uasset" 252
"../../../../../../Users/CHRIS/Documents/GitHub/osiris-game/Content/Geometry/Materials/Textures/T_Wall_Bump.uasset" 253
"../../../../../../Users/CHRIS/Documents/GitHub/osiris-game/Content/Geometry/Materials/M_Wall.uasset" 254
"../../../../../../Users/CHRIS/Documents/GitHub/osiris-game/Content/FirstPerson/Character/Mesh/SK_Mannequin_Arms_PhysicsAsset.uasset" 255
"../../../../../../Users/CHRIS/Documents/GitHub/osiris-game/Content/FirstPerson/Character/Mesh/SK_Mannequin_Arms.uasset" 256
"../../../../../../Users/CHRIS/Documents/GitHub/osiris-game/Content/Geometry/Materials/Textures/T_Titanium.uasset" 257
"../../../../../../Users/CHRIS/Documents/GitHub/osiris-game/Content/Geometry/Materials/Textures/T_Titanium_Bump.uasset" 258
"../../../../../../Users/CHRIS/Documents/GitHub/osiris-game/Content/Geometry/Materials/M_Titanium.uasset" 259
"../../../../../../Users/CHRIS/Documents/GitHub/osiris-game/Content/FirstPerson/Weapon/Mesh/SK_FPGun_Skeleton.uasset" 260
"../../../../../../Users/CHRIS/Documents/GitHub/osiris-game/Content/FirstPerson/Weapon/Mesh/SK_FPGun.uasset" 261
"../../../../../../Users/CHRIS/Documents/GitHub/osiris-game/Content/UI/Fonts/FontData.uasset" 262
"../../../../../../Users/CHRIS/Documents/GitHub/osiris-game/Content/UI/Fonts/Font.uasset" 263
"../../../../../../Users/CHRIS/Documents/GitHub/osiris-game/Content/UI/InfoHUD.uasset" 264
"../../../../../../Users/CHRIS/Documents/GitHub/osiris-game/Content/Blueprints/FirstPersonCharacter.uasset" 265
"../../../Engine/Content/EngineSky/C_Sky_Cloud_Color.uasset" 266
"../../../Engine/Content/EngineSky/C_Sky_Horizon_Color.uasset" 267
"../../../Engine/Content/EngineSky/C_Sky_Zenith_Color.uasset" 268
"../../../Engine/Content/EngineSky/T_Sky_Blue.uasset" 269
"../../../Engine/Content/EngineSky/T_Sky_Clouds_M.uasset" 270
"../../../Engine/Content/EngineSky/T_Sky_Stars.uasset" 271
"../../../Engine/Content/EngineSky/M_Sky_Panning_Clouds2.uasset" 272
"../../../Engine/Content/EngineSky/SM_SkySphere.uasset" 273
"../../../Engine/Content/EngineSky/BP_Sky_Sphere.uasset" 274
"../../../../../../Users/CHRIS/Documents/GitHub/osiris-game/Content/UI/Textures/FirstPersonCrosshair.uasset" 275
"../../../../../../Users/CHRIS/Documents/GitHub/osiris-game/Content/UI/FirstPersonHUD.uasset" 276
"../../../../../../Users/CHRIS/Documents/GitHub/osiris-game/Content/Blueprints/FirstPersonGameMode.uasset" 277
"../../../../../../Users/CHRIS/Documents/GitHub/osiris-game/Content/Maps/FirstPersonExampleMap_BuiltData.uasset" 278
"../../../../../../Users/CHRIS/Documents/GitHub/osiris-game/Content/Effects/Textures/Noise/T_TilingNoise12.uasset" 279
"../../../../../../Users/CHRIS/Documents/GitHub/osiris-game/Content/Effects/Textures/Snow/T_Snow01_Packed.uasset" 280
"../../../../../../Users/CHRIS/Documents/GitHub/osiris-game/Content/Effects/Materials/Sparks/M_Spark_VelocityLerp.uasset" 281
"../../../../../../Users/CHRIS/Documents/GitHub/osiris-game/Content/Effects/VectorFields/VF_RandomNoise_01_90.uasset" 282
"../../../../../../Users/CHRIS/Documents/GitHub/osiris-game/Content/Effects/VectorFields/VF_Tunnel_Movement_2_100.uasset" 283
"../../../../../../Users/CHRIS/Documents/GitHub/osiris-game/Content/Effects/Particles/Fire/P_OrbGlowLights.uasset" 284
"../../../../../../Users/CHRIS/Documents/GitHub/osiris-game/Content/Geometry/Meshes/CollisonWall.uasset" 285
"../../../../../../Users/CHRIS/Documents/GitHub/osiris-game/Content/Geometry/Meshes/SPACESTATION2__XX_Left_Sphere_000.uasset" 286
"../../../../../../Users/CHRIS/Documents/GitHub/osiris-game/Content/Geometry/Meshes/SPACESTATION2__XX_Right_Sphere_000.uasset" 287
"../../../../../../Users/CHRIS/Documents/GitHub/osiris-game/Content/Geometry/Meshes/SPACESTATION2__XX_Top_Sphere_000.uasset" 288
"../../../../../../Users/CHRIS/Documents/GitHub/osiris-game/Content/Geometry/Meshes/SPACESTATION2_Bot_Ring_000.uasset" 289
"../../../../../../Users/CHRIS/Documents/GitHub/osiris-game/Content/Geometry/Meshes/SPACESTATION2_Bot_Ring_Support_000.uasset" 290
"../../../../../../Users/CHRIS/Documents/GitHub/osiris-game/Content/Geometry/Meshes/SPACESTATION2_Bottom_Room_Support_000.uasset" 291
"../../../../../../Users/CHRIS/Documents/GitHub/osiris-game/Content/Geometry/Meshes/SPACESTATION2_Inner_Ring_Support_000.uasset" 292
"../../../../../../Users/CHRIS/Documents/GitHub/osiris-game/Content/Geometry/Meshes/SPACESTATION2_Inner_Support_000.uasset" 293
"../../../../../../Users/CHRIS/Documents/GitHub/osiris-game/Content/Geometry/Meshes/SPACESTATION2_Left_Bot_Support_000.uasset" 294
"../../../../../../Users/CHRIS/Documents/GitHub/osiris-game/Content/Geometry/Meshes/SPACESTATION2_Left_Room_Support_000.uasset" 295
"../../../../../../Users/CHRIS/Documents/GitHub/osiris-game/Content/Geometry/Meshes/SPACESTATION2_Left_Top_Support_000.uasset" 296
"../../../../../../Users/CHRIS/Documents/GitHub/osiris-game/Content/Geometry/Meshes/SPACESTATION2_Lower_Bot_Support_000.uasset" 297
"../../../../../../Users/CHRIS/Documents/GitHub/osiris-game/Content/Geometry/Meshes/SPACESTATION2_Lower_Top_Support_000.uasset" 298
"../../../../../../Users/CHRIS/Documents/GitHub/osiris-game/Content/Geometry/Meshes/SPACESTATION2_Outer_Ring_Support_000.uasset" 299
"../../../../../../Users/CHRIS/Documents/GitHub/osiris-game/Content/Geometry/Meshes/SPACESTATION2_Right_Bot_Support_000.uasset" 300
"../../../../../../Users/CHRIS/Documents/GitHub/osiris-game/Content/Geometry/Meshes/SPACESTATION2_Right_Room_Support_000.uasset" 301
"../../../../../../Users/CHRIS/Documents/GitHub/osiris-game/Content/Geometry/Meshes/SPACESTATION2_Right_Top_Support_000.uasset" 302
"../../../../../../Users/CHRIS/Documents/GitHub/osiris-game/Content/Geometry/Meshes/SPACESTATION2_Top_Ring_000.uasset" 303
"../../../../../../Users/CHRIS/Documents/GitHub/osiris-game/Content/Geometry/Meshes/SPACESTATION2_Top_Ring_Support_000.uasset" 304
"../../../../../../Users/CHRIS/Documents/GitHub/osiris-game/Content/Geometry/Meshes/SPACESTATION2_Top_Room_Support_000.uasset" 305
"../../../../../../Users/CHRIS/Documents/GitHub/osiris-game/Content/Geometry/Meshes/SPACESTATION2_Upper_Bot_Support_000.uasset" 306
"../../../../../../Users/CHRIS/Documents/GitHub/osiris-game/Content/Geometry/Meshes/SPACESTATION2_Upper_Top_Support_000.uasset" 307
"../../../../../../Users/CHRIS/Documents/GitHub/osiris-game/Content/Geometry/Materials/Textures/T_Hex.uasset" 308
"../../../../../../Users/CHRIS/Documents/GitHub/osiris-game/Content/Geometry/Materials/Textures/T_Hex_Bump.uasset" 309
"../../../../../../Users/CHRIS/Documents/GitHub/osiris-game/Content/Geometry/Materials/M_Hex.uasset" 310
"../../../../../../Users/CHRIS/Documents/GitHub/osiris-game/Content/Geometry/Meshes/SPACESTATION2_Walkways_2.uasset" 311
"../../../../../../Users/CHRIS/Documents/GitHub/osiris-game/Content/Geometry/Meshes/SPACESTATION2_XX_Bottom_Sphere_000.uasset" 312
"../../../../../../Users/CHRIS/Documents/GitHub/osiris-game/Content/Geometry/Meshes/SPACESTATION2_XX_Bottom_Walkway_000.uasset" 313
"../../../../../../Users/CHRIS/Documents/GitHub/osiris-game/Content/Geometry/Meshes/SPACESTATION2_XX_Inner_Ring_000.uasset" 314
"../../../../../../Users/CHRIS/Documents/GitHub/osiris-game/Content/Geometry/Meshes/SPACESTATION2_XX_Left_Walkway_000.uasset" 315
"../../../../../../Users/CHRIS/Documents/GitHub/osiris-game/Content/Geometry/Meshes/SPACESTATION2_XX_Lower_Center_000.uasset" 316
"../../../../../../Users/CHRIS/Documents/GitHub/osiris-game/Content/Geometry/Meshes/SPACESTATION2_XX_Outer_Ring_000.uasset" 317
"../../../../../../Users/CHRIS/Documents/GitHub/osiris-game/Content/Geometry/Meshes/SPACESTATION2_XX_Right_Walkway_000.uasset" 318
"../../../../../../Users/CHRIS/Documents/GitHub/osiris-game/Content/Geometry/Meshes/SPACESTATION2_XX_Top_Walkway_000.uasset" 319
"../../../../../../Users/CHRIS/Documents/GitHub/osiris-game/Content/Geometry/Materials/Textures/T_Glass.uasset" 320
"../../../../../../Users/CHRIS/Documents/GitHub/osiris-game/Content/Geometry/Materials/Textures/T_Glass_Bump.uasset" 321
"../../../../../../Users/CHRIS/Documents/GitHub/osiris-game/Content/Geometry/Materials/M_Glass.uasset" 322
"../../../../../../Users/CHRIS/Documents/GitHub/osiris-game/Content/Geometry/Meshes/SPACESTATION2_XX_Upper_Center_000.uasset" 323
"../../../../../../Users/CHRIS/Documents/GitHub/osiris-game/Content/Sounds/repairing-a-plasma-conduit-industrial-loop-royalty-free-music-youtubemp3free_org.uasset" 324
"../../../../../../Users/CHRIS/Documents/GitHub/osiris-game/Content/Sounds/Level.uasset" 325
"../../../../../../Users/CHRIS/Documents/GitHub/osiris-game/Content/UI/GameOver.uasset" 326
"../../../../../../Users/CHRIS/Documents/GitHub/osiris-game/Content/Maps/FirstPersonExampleMap.umap" 327
"../../../../../../Users/CHRIS/Documents/GitHub/osiris-game/Content/Blueprints/MenuChar.uasset" 328
"../../../../../../Users/CHRIS/Documents/GitHub/osiris-game/Content/Maps/MainMenu_BuiltData.uasset" 329
"../../../../../../Users/CHRIS/Documents/GitHub/osiris-game/Content/UI/Instructions.uasset" 330
"../../../../../../Users/CHRIS/Documents/GitHub/osiris-game/Content/UI/Options.uasset" 331
"../../../../../../Users/CHRIS/Documents/GitHub/osiris-game/Content/UI/MainMenu.uasset" 332
"../../../../../../Users/CHRIS/Documents/GitHub/osiris-game/Content/Maps/MainMenu.umap" 333
"../../../Engine/Content/Maps/Entry_BuiltData.uasset" 334
"../../../Engine/Content/Maps/Entry.umap" 335
